<!DOCTYPE html>
<html>
<head>
    <title>Unittest Results</title>
    <meta charset="utf-8">
    <meta name="viewport" content="width=device-width, initial-scale=1.0">
    <link rel="stylesheet" href="https://maxcdn.bootstrapcdn.com/bootstrap/3.3.6/css/bootstrap.min.css" integrity="sha384-1q8mTJOASx8j1Au+a5WDVnPi2lkFfwwEAa8hDDdjZlpLegxhjVME1fgjWPGmkzs7" crossorigin="anonymous">
</head>
<body>
    <div class="container">
        <div class="row">
            <div class="col-xs-12">
                <h2 class="text-capitalize">Unittest Results</h2>
                <p class='attribute'><strong>Start Time: </strong>2025-02-13 17:40:43</p>
                <p class='attribute'><strong>Duration: </strong>15.06 s</p>
                <p class='attribute'><strong>Summary: </strong>Total: 2, Pass: 1, Error: 1</p>
            </div>
        </div>
        <div class="row">
            <div class="col-xs-12 col-sm-10 col-md-10">
                <table class='table table-hover table-responsive'>
                    <thead>
                        <tr>
                            <th>__main__.LoginTest</th>
                            <th>Status</th>
                            <th></th>
                        </tr>
                    </thead>
                    <tbody>
                        <tr class='success'>
                            <td class="col-xs-10">test_login_not_valid</td>
                            <td class="col-xs-1">
                                <span class="label label-success" style="display:block;width:40px;">Pass</span>
                            </td>
                            <td class="col-xs-1">
                            </td>
                        </tr>
                        <tr class='warning'>
                            <td class="col-xs-10">test_login_valid</td>
                            <td class="col-xs-1">
                                <span class="label label-warning" style="display:block;width:40px;">Error</span>
                            </td>
                            <td class="col-xs-1">
                                <button class="btn btn-default btn-xs">View</button>
                            </td>
                        </tr>
                        <tr style="display:none;">
                            <td class="col-xs-9" colspan="3"><p style="color:maroon;">NoSuchElementException: Message: no such element: Unable to locate element: {"method":"xpath","selector":"Logout"}
  (Session info: chrome=133.0.6943.99); For documentation on this error, please visit: https://www.selenium.dev/documentation/webdriver/troubleshooting/errors#no-such-element-exception
Stacktrace:
	GetHandleVerifier [0x004402D3+25139]
	(No symbol) [0x003CB284]
	(No symbol) [0x002A04A3]
	(No symbol) [0x002E8338]
	(No symbol) [0x002E868B]
	(No symbol) [0x00330F62]
	(No symbol) [0x0030CF84]
	(No symbol) [0x0032E6E1]
	(No symbol) [0x0030CD36]
	(No symbol) [0x002DBD29]
	(No symbol) [0x002DD064]
	GetHandleVerifier [0x0074B193+3215603]
	GetHandleVerifier [0x0076230A+3310186]
	GetHandleVerifier [0x0075C522+3286146]
	GetHandleVerifier [0x004D9CD0+654384]
	(No symbol) [0x003D460D]
	(No symbol) [0x003D14F8]
	(No symbol) [0x003D1697]
	(No symbol) [0x003C3D70]
	BaseThreadInitThunk [0x76657BA9+25]
	RtlInitializeExceptionChain [0x7733C28B+107]
	RtlClearBits [0x7733C20F+191]
</p><p style="color:maroon;">Traceback (most recent call last):
  File "E:\login-test-automation-main\login-test-automation-main\Tests\login.py", line 170, in test_login_valid
    homePage.logout()
  File "E:\login-test-automation-main\login-test-automation-main\Tests\login.py", line 109, in logout
    self.driver.find_element(By.XPATH, Locators.logout_xpath).click()
    ^^^^^^^^^^^^^^^^^^^^^^^^^^^^^^^^^^^^^^^^^^^^^^^^^^^^^^^^^
  File "E:\login-test-automation-main\login-test-automation-main\v1\Lib\site-packages\selenium\webdriver\remote\webdriver.py", line 888, in find_element
    return self.execute(Command.FIND_ELEMENT, {"using": by, "value": value})["value"]
           ^^^^^^^^^^^^^^^^^^^^^^^^^^^^^^^^^^^^^^^^^^^^^^^^^^^^^^^^^^^^^^^^^
  File "E:\login-test-automation-main\login-test-automation-main\v1\Lib\site-packages\selenium\webdriver\remote\webdriver.py", line 429, in execute
    self.error_handler.check_response(response)
  File "E:\login-test-automation-main\login-test-automation-main\v1\Lib\site-packages\selenium\webdriver\remote\errorhandler.py", line 232, in check_response
    raise exception_class(message, screen, stacktrace)
selenium.common.exceptions.NoSuchElementException: Message: no such element: Unable to locate element: {"method":"xpath","selector":"Logout"}
  (Session info: chrome=133.0.6943.99); For documentation on this error, please visit: https://www.selenium.dev/documentation/webdriver/troubleshooting/errors#no-such-element-exception
Stacktrace:
	GetHandleVerifier [0x004402D3+25139]
	(No symbol) [0x003CB284]
	(No symbol) [0x002A04A3]
	(No symbol) [0x002E8338]
	(No symbol) [0x002E868B]
	(No symbol) [0x00330F62]
	(No symbol) [0x0030CF84]
	(No symbol) [0x0032E6E1]
	(No symbol) [0x0030CD36]
	(No symbol) [0x002DBD29]
	(No symbol) [0x002DD064]
	GetHandleVerifier [0x0074B193+3215603]
	GetHandleVerifier [0x0076230A+3310186]
	GetHandleVerifier [0x0075C522+3286146]
	GetHandleVerifier [0x004D9CD0+654384]
	(No symbol) [0x003D460D]
	(No symbol) [0x003D14F8]
	(No symbol) [0x003D1697]
	(No symbol) [0x003C3D70]
	BaseThreadInitThunk [0x76657BA9+25]
	RtlInitializeExceptionChain [0x7733C28B+107]
	RtlClearBits [0x7733C20F+191]

</p>
                            </td>
                        </tr>
                        <tr>
                            <td colspan="3">
                                Total: 2, Pass: 1, Error: 1 -- Duration: 15.06 s
                            </td>
                        </tr>
                    </tbody>
                </table>
            </div>
        </div>
    </div>
    <script src="https://ajax.googleapis.com/ajax/libs/jquery/2.2.4/jquery.min.js"></script>
    <script type="text/javascript">
        $(document).ready(function(){
            $('td').on('click', '.btn', function(e){
                e.preventDefault();
                e.stopImmediatePropagation();
                var $this = $(this);
                var $nextRow = $this.closest('tr').next('tr');
                $nextRow.slideToggle("fast");
                $this.text(function(i, text){
                    if (text === 'View') {
                        return 'Hide';
                    } else {
                        return 'View';
                    };
                });
            });
        });
    </script>
</body>
</html